<?xml version="1.0" encoding="UTF-8"?><testsuite errors="1" failures="0" name="Window" skipped="0" tests="1" time="45.94" timestamp="2016-07-188 12:05:38"><testcase name="Demo in English version"><error message="Timed out after 5000 milliseconds: Expecting text present: 'Describe behaviour in plain text'&#10;Build info: version: '2.53.0', revision: '35ae25b1534ae328c771e0856c93e187490ca824', time: '2016-03-15 10:43:46'&#10;System info: host: 'windows8', ip: '192.168.1.109', os.name: 'Windows 8.1', os.arch: 'amd64', os.version: '6.3', java.version: '1.8.0_91'&#10;Driver info: driver.version: unknown&#10;Build info: version: '2.53.0', revision: '35ae25b1534ae328c771e0856c93e187490ca824', time: '2016-03-15 10:43:46'&#10;System info: host: 'windows8', ip: '192.168.1.109', os.name: 'Windows 8.1', os.arch: 'amd64', os.version: '6.3', java.version: '1.8.0_91'&#10;Driver info: driver.version: unknown" type="org.openqa.selenium.TimeoutException">Timed out after 5000 milliseconds: Expecting text present: 'Describe behaviour in plain text'
Build info: version: '2.53.0', revision: '35ae25b1534ae328c771e0856c93e187490ca824', time: '2016-03-15 10:43:46'
System info: host: 'windows8', ip: '192.168.1.109', os.name: 'Windows 8.1', os.arch: 'amd64', os.version: '6.3', java.version: '1.8.0_91'
Driver info: driver.version: unknown
Build info: version: '2.53.0', revision: '35ae25b1534ae328c771e0856c93e187490ca824', time: '2016-03-15 10:43:46'
System info: host: 'windows8', ip: '192.168.1.109', os.name: 'Windows 8.1', os.arch: 'amd64', os.version: '6.3', java.version: '1.8.0_91'
Driver info: driver.version: unknown</error><system-err>Timed out after 5000 milliseconds: Expecting text present: 'Describe behaviour in plain text'
Build info: version: '2.53.0', revision: '35ae25b1534ae328c771e0856c93e187490ca824', time: '2016-03-15 10:43:46'
System info: host: 'windows8', ip: '192.168.1.109', os.name: 'Windows 8.1', os.arch: 'amd64', os.version: '6.3', java.version: '1.8.0_91'
Driver info: driver.version: unknown
Build info: version: '2.53.0', revision: '35ae25b1534ae328c771e0856c93e187490ca824', time: '2016-03-15 10:43:46'
System info: host: 'windows8', ip: '192.168.1.109', os.name: 'Windows 8.1', os.arch: 'amd64', os.version: '6.3', java.version: '1.8.0_91'
Driver info: driver.version: unknown&#13;
vnu.hus.demo.browser.steps.serenity.BrowserSteps.assert_text_present(BrowserSteps.java:46)&#13;
vnu.hus.demo.browser.steps.BrowserScenarioSteps.assert_that_the_text_is_present(BrowserScenarioSteps.java:50)&#13;
</system-err></testcase></testsuite>