<?xml version="1.0" encoding="UTF-8"?>
<testsuite name="demo.vnu.hus.frame.FrameTestSuite" time="2.231" tests="18" errors="0" skipped="0" failures="0">
  <properties>
[...]
</properties>
  <testcase name="Given the page &quot;http://www.w3schools.com/tags/tryit.asp?filename=tryhtml_input_disabled&quot; is visited" classname="Scenario: General and Frame steps in English" time="0.002"/>
  <testcase name="And go inside the &quot;id=iframeResult&quot; frame" classname="Scenario: General and Frame steps in English" time="0"/>
  <testcase name="And go inside the &quot;id=iframeResult&quot; frame" classname="Scenario: General and Frame steps in English" time="0"/>
  <testcase name="Then assert that the &quot;name=fname&quot; element is enabled" classname="Scenario: General and Frame steps in English" time="0"/>
  <testcase name="And assert that the &quot;name=lname&quot; element is disabled" classname="Scenario: General and Frame steps in English" time="0"/>
  <testcase name="And assert that the &quot;xpath=//input[@type=&apos;submit&apos;]&quot; element is present" classname="Scenario: General and Frame steps in English" time="0"/>
  <testcase name="And assert that the &quot;xpath=//input[@type=&apos;password&apos;]&quot; element is absent" classname="Scenario: General and Frame steps in English" time="0"/>
  <testcase name="When the page &quot;http://www.w3schools.com/tags/tryit.asp?filename=tryhtml5_input_type_hidden&quot; is visited" classname="Scenario: General and Frame steps in English" time="0"/>
  <testcase name="Then assert that the &quot;value&quot; attribute of &quot;name=country&quot; is &quot;Norway&quot;" classname="Scenario: General and Frame steps in English" time="0"/>
  <testcase name="And assert that the &quot;name=country&quot; element is hidden" classname="Scenario: General and Frame steps in English" time="0"/>
  <testcase name="When change &quot;type&quot; attribute of &quot;name=country&quot; into &quot;display&quot;" classname="Scenario: General and Frame steps in English" time="0"/>
  <testcase name="Then assert that the &quot;name=country&quot; element is visible" classname="Scenario: General and Frame steps in English" time="0"/>
  <testcase name="When change &quot;value&quot; attribute of &quot;name=country&quot; into &quot;VIETNAM&quot;" classname="Scenario: General and Frame steps in English" time="0"/>
  <testcase name="Then assert that the &quot;value&quot; attribute of &quot;name=country&quot; is &quot;VIETNAM&quot;" classname="Scenario: General and Frame steps in English" time="0"/>
  <testcase name="When highlight &quot;name=country&quot; element" classname="Scenario: General and Frame steps in English" time="0"/>
  <testcase name="And set bound for &quot;name=country&quot; element" classname="Scenario: General and Frame steps in English" time="0"/>
  <testcase name="And capture image of &quot;name=country&quot; element and save as &quot;norway.png&quot;" classname="Scenario: General and Frame steps in English" time="0"/>
  <testcase name="Scenario: General and Frame steps in English" classname="Scenario: General and Frame steps in English" time="2.229"/>
</testsuite>