<?xml version="1.0" encoding="UTF-8"?>
<testsuite name="vnu.hus.demo.browser.BrowserTestSuite" time="0.013" tests="31" errors="2" skipped="22" failures="0">
  <properties>
    <property name="java.runtime.name" value="Java(TM) SE Runtime Environment"/>
    <property name="sun.boot.library.path" value="C:\Program Files\Java\jdk1.8.0_91\jre\bin"/>
    <property name="java.vm.version" value="25.91-b15"/>
    <property name="java.vm.vendor" value="Oracle Corporation"/>
    <property name="maven.multiModuleProjectDirectory" value="E:\eclipse-jee-mars-1-win32-x86_64\workspace\Browser"/>
    <property name="java.vendor.url" value="http://java.oracle.com/"/>
    <property name="path.separator" value=";"/>
    <property name="guice.disable.misplaced.annotation.check" value="true"/>
    <property name="java.vm.name" value="Java HotSpot(TM) 64-Bit Server VM"/>
    <property name="file.encoding.pkg" value="sun.io"/>
    <property name="user.script" value=""/>
    <property name="user.country" value="US"/>
    <property name="sun.java.launcher" value="SUN_STANDARD"/>
    <property name="sun.os.patch.level" value=""/>
    <property name="java.vm.specification.name" value="Java Virtual Machine Specification"/>
    <property name="user.dir" value="E:\eclipse-jee-mars-1-win32-x86_64\workspace\Browser"/>
    <property name="java.runtime.version" value="1.8.0_91-b15"/>
    <property name="java.awt.graphicsenv" value="sun.awt.Win32GraphicsEnvironment"/>
    <property name="java.endorsed.dirs" value="C:\Program Files\Java\jdk1.8.0_91\jre\lib\endorsed"/>
    <property name="os.arch" value="amd64"/>
    <property name="java.io.tmpdir" value="C:\Users\ADMINI~1\AppData\Local\Temp\"/>
    <property name="line.separator" value="&#10;"/>
    <property name="java.vm.specification.vendor" value="Oracle Corporation"/>
    <property name="user.variant" value=""/>
    <property name="os.name" value="Windows 8.1"/>
    <property name="classworlds.conf" value="E:\apache-maven-3.3.9\bin\m2.conf"/>
    <property name="sun.jnu.encoding" value="Cp1252"/>
    <property name="java.library.path" value="C:\Program Files\Java\jdk1.8.0_91\bin;C:\Windows\Sun\Java\bin;C:\Windows\system32;C:\Windows;C:\ProgramData\Oracle\Java\javapath;C:\Windows\system32;C:\Windows;C:\Windows\System32\Wbem;C:\Windows\System32\WindowsPowerShell\v1.0\;C:\PROGRA~2\PICC;C:\Program Files (x86)\Microsoft SQL Server\100\Tools\Binn\;C:\Program Files (x86)\Microsoft SQL Server\100\DTS\Binn\;C:\Program Files (x86)\Microsoft SQL Server\100\Tools\Binn\VSShell\Common7\IDE\;C:\Program Files (x86)\Microsoft Visual Studio 9.0\Common7\IDE\PrivateAssemblies\;C:\Program Files (x86)\Skype\Phone\;E:\apache-maven-3.3.9\bin;C:\Program Files\Java\jdk1.8.0_91\bin;."/>
    <property name="java.specification.name" value="Java Platform API Specification"/>
    <property name="java.class.version" value="52.0"/>
    <property name="sun.management.compiler" value="HotSpot 64-Bit Tiered Compilers"/>
    <property name="os.version" value="6.3"/>
    <property name="user.home" value="C:\Users\Administrator"/>
    <property name="user.timezone" value="Asia/Bangkok"/>
    <property name="java.awt.printerjob" value="sun.awt.windows.WPrinterJob"/>
    <property name="java.specification.version" value="1.8"/>
    <property name="file.encoding" value="Cp1252"/>
    <property name="user.name" value="Administrator"/>
    <property name="java.class.path" value="E:\apache-maven-3.3.9\boot\plexus-classworlds-2.5.2.jar"/>
    <property name="java.vm.specification.version" value="1.8"/>
    <property name="sun.arch.data.model" value="64"/>
    <property name="java.home" value="C:\Program Files\Java\jdk1.8.0_91\jre"/>
    <property name="sun.java.command" value="org.codehaus.plexus.classworlds.launcher.Launcher test verify"/>
    <property name="java.specification.vendor" value="Oracle Corporation"/>
    <property name="user.language" value="en"/>
    <property name="awt.toolkit" value="sun.awt.windows.WToolkit"/>
    <property name="java.vm.info" value="mixed mode"/>
    <property name="java.version" value="1.8.0_91"/>
    <property name="java.ext.dirs" value="C:\Program Files\Java\jdk1.8.0_91\jre\lib\ext;C:\Windows\Sun\Java\lib\ext"/>
    <property name="sun.boot.class.path" value="C:\Program Files\Java\jdk1.8.0_91\jre\lib\resources.jar;C:\Program Files\Java\jdk1.8.0_91\jre\lib\rt.jar;C:\Program Files\Java\jdk1.8.0_91\jre\lib\sunrsasign.jar;C:\Program Files\Java\jdk1.8.0_91\jre\lib\jsse.jar;C:\Program Files\Java\jdk1.8.0_91\jre\lib\jce.jar;C:\Program Files\Java\jdk1.8.0_91\jre\lib\charsets.jar;C:\Program Files\Java\jdk1.8.0_91\jre\lib\jfr.jar;C:\Program Files\Java\jdk1.8.0_91\jre\classes"/>
    <property name="sun.stderr.encoding" value="cp437"/>
    <property name="java.vendor" value="Oracle Corporation"/>
    <property name="maven.home" value="E:\apache-maven-3.3.9"/>
    <property name="file.separator" value="\"/>
    <property name="java.vendor.url.bug" value="http://bugreport.sun.com/bugreport/"/>
    <property name="sun.cpu.endian" value="little"/>
    <property name="sun.io.unicode.encoding" value="UnicodeLittle"/>
    <property name="sun.stdout.encoding" value="cp437"/>
    <property name="sun.desktop" value="windows"/>
    <property name="sun.cpu.isalist" value="amd64"/>
  </properties>
  <testcase name="Given the home page is visited" classname="Scenario: Demo in English version" time="0.002"/>
  <testcase name="And the page &quot;http://live.guru99.com/&quot; is visited" classname="Scenario: Demo in English version" time="0"/>
  <testcase name="And the page is refreshed" classname="Scenario: Demo in English version" time="0"/>
  <testcase name="And maximize the window" classname="Scenario: Demo in English version" time="0"/>
  <testcase name="And maximize the window" classname="Scenario: Demo in English version" time="0">
    <skipped/>
  </testcase>
  <testcase name="And go backward one page" classname="Scenario: Demo in English version" time="0"/>
  <testcase name="And go forward one page" classname="Scenario: Demo in English version" time="0"/>
  <testcase name="And the page &quot;https://cucumber.io/&quot; is opened on another window" classname="Scenario: Demo in English version" time="0"/>
  <testcase name="Then assert that the &quot;Describe behaviour in plain text&quot; text is present" classname="Scenario: Demo in English version" time="0.005">
    <error message="Timed out after 5000 milliseconds: Expecting text present: &apos;Describe behaviour in plain text&apos;&#10;Build info: version: &apos;2.53.0&apos;, revision: &apos;35ae25b1534ae328c771e0856c93e187490ca824&apos;, time: &apos;2016-03-15 10:43:46&apos;&#10;System info: host: &apos;windows8&apos;, ip: &apos;192.168.1.109&apos;, os.name: &apos;Windows 8.1&apos;, os.arch: &apos;amd64&apos;, os.version: &apos;6.3&apos;, java.version: &apos;1.8.0_91&apos;&#10;Driver info: driver.version: unknown" type="net.serenitybdd.core.exceptions.SerenityManagedException"><![CDATA[net.serenitybdd.core.exceptions.SerenityManagedException: Timed out after 5000 milliseconds: Expecting text present: 'Describe behaviour in plain text'
Build info: version: '2.53.0', revision: '35ae25b1534ae328c771e0856c93e187490ca824', time: '2016-03-15 10:43:46'
System info: host: 'windows8', ip: '192.168.1.109', os.name: 'Windows 8.1', os.arch: 'amd64', os.version: '6.3', java.version: '1.8.0_91'
Driver info: driver.version: unknown
	at net.thucydides.core.scheduling.ThucydidesFluentWait.timeoutException(ThucydidesFluentWait.java:123)
	at net.thucydides.core.scheduling.ThucydidesFluentWait.until(ThucydidesFluentWait.java:75)
	at net.serenitybdd.core.pages.RenderedPageObjectView.waitForText(RenderedPageObjectView.java:235)
	at net.serenitybdd.core.pages.PageObject.waitForTextToAppear(PageObject.java:340)
	at vnu.hus.demo.browser.steps.serenity.BrowserSteps.assert_text_present(BrowserSteps.java:46)
	at vnu.hus.demo.browser.steps.serenity.BrowserSteps$$EnhancerByCGLIB$$aaea36f1.CGLIB$assert_text_present$18(<generated>)
	at vnu.hus.demo.browser.steps.serenity.BrowserSteps$$EnhancerByCGLIB$$aaea36f1$$FastClassByCGLIB$$84f1b627.invoke(<generated>)
	at net.sf.cglib.proxy.MethodProxy.invokeSuper(MethodProxy.java:228)
	at net.thucydides.core.steps.BaseMethodRunner.invokeMethod(BaseMethodRunner.java:10)
	at net.thucydides.core.steps.NormalMethodRunner.invokeMethodAndNotifyFailures(NormalMethodRunner.java:20)
	at net.thucydides.core.steps.StepInterceptor.runNormalMethod(StepInterceptor.java:269)
	at net.thucydides.core.steps.StepInterceptor.testStepResult(StepInterceptor.java:127)
	at net.thucydides.core.steps.StepInterceptor.intercept(StepInterceptor.java:61)
	at vnu.hus.demo.browser.steps.serenity.BrowserSteps$$EnhancerByCGLIB$$aaea36f1.assert_text_present(<generated>)
	at vnu.hus.demo.browser.steps.BrowserScenarioSteps.assert_that_the_text_is_present(BrowserScenarioSteps.java:50)
	at sun.reflect.NativeMethodAccessorImpl.invoke0(Native Method)
	at sun.reflect.NativeMethodAccessorImpl.invoke(NativeMethodAccessorImpl.java:62)
	at sun.reflect.DelegatingMethodAccessorImpl.invoke(DelegatingMethodAccessorImpl.java:43)
	at java.lang.reflect.Method.invoke(Method.java:498)
	at cucumber.runtime.Utils$1.call(Utils.java:37)
	at cucumber.runtime.Timeout.timeout(Timeout.java:13)
	at cucumber.runtime.Utils.invoke(Utils.java:31)
	at cucumber.runtime.java.JavaStepDefinition.execute(JavaStepDefinition.java:38)
	at cucumber.runtime.StepDefinitionMatch.runStep(StepDefinitionMatch.java:37)
	at cucumber.runtime.Runtime.runStep(Runtime.java:299)
	at cucumber.runtime.model.StepContainer.runStep(StepContainer.java:44)
	at cucumber.runtime.model.StepContainer.runSteps(StepContainer.java:39)
	at cucumber.runtime.model.CucumberScenario.run(CucumberScenario.java:44)
	at cucumber.runtime.junit.ExecutionUnitRunner.run(ExecutionUnitRunner.java:91)
	at cucumber.runtime.junit.FeatureRunner.runChild(FeatureRunner.java:63)
	at cucumber.runtime.junit.FeatureRunner.runChild(FeatureRunner.java:18)
	at org.junit.runners.ParentRunner$3.run(ParentRunner.java:290)
	at org.junit.runners.ParentRunner$1.schedule(ParentRunner.java:71)
	at org.junit.runners.ParentRunner.runChildren(ParentRunner.java:288)
	at org.junit.runners.ParentRunner.access$000(ParentRunner.java:58)
	at org.junit.runners.ParentRunner$2.evaluate(ParentRunner.java:268)
	at org.junit.runners.ParentRunner.run(ParentRunner.java:363)
	at cucumber.runtime.junit.FeatureRunner.run(FeatureRunner.java:70)
	at cucumber.api.junit.Cucumber.runChild(Cucumber.java:93)
	at cucumber.api.junit.Cucumber.runChild(Cucumber.java:37)
	at org.junit.runners.ParentRunner$3.run(ParentRunner.java:290)
	at org.junit.runners.ParentRunner$1.schedule(ParentRunner.java:71)
	at org.junit.runners.ParentRunner.runChildren(ParentRunner.java:288)
	at org.junit.runners.ParentRunner.access$000(ParentRunner.java:58)
	at org.junit.runners.ParentRunner$2.evaluate(ParentRunner.java:268)
	at org.junit.runners.ParentRunner.run(ParentRunner.java:363)
	at cucumber.api.junit.Cucumber.run(Cucumber.java:98)
	at org.apache.maven.surefire.junit4.JUnit4Provider.execute(JUnit4Provider.java:283)
	at org.apache.maven.surefire.junit4.JUnit4Provider.executeWithRerun(JUnit4Provider.java:173)
	at org.apache.maven.surefire.junit4.JUnit4Provider.executeTestSet(JUnit4Provider.java:153)
	at org.apache.maven.surefire.junit4.JUnit4Provider.invoke(JUnit4Provider.java:128)
	at org.apache.maven.surefire.booter.ForkedBooter.invokeProviderInSameClassLoader(ForkedBooter.java:203)
	at org.apache.maven.surefire.booter.ForkedBooter.runSuitesInProcess(ForkedBooter.java:155)
	at org.apache.maven.surefire.booter.ForkedBooter.main(ForkedBooter.java:103)
]]></error>
  </testcase>
  <testcase name="Scenario: Demo in English version" classname="Scenario: Demo in English version" time="0.006">
    <error message="Timed out after 5000 milliseconds: Expecting text present: &apos;Describe behaviour in plain text&apos;&#10;Build info: version: &apos;2.53.0&apos;, revision: &apos;35ae25b1534ae328c771e0856c93e187490ca824&apos;, time: &apos;2016-03-15 10:43:46&apos;&#10;System info: host: &apos;windows8&apos;, ip: &apos;192.168.1.109&apos;, os.name: &apos;Windows 8.1&apos;, os.arch: &apos;amd64&apos;, os.version: &apos;6.3&apos;, java.version: &apos;1.8.0_91&apos;&#10;Driver info: driver.version: unknown" type="net.serenitybdd.core.exceptions.SerenityManagedException"><![CDATA[net.serenitybdd.core.exceptions.SerenityManagedException: Timed out after 5000 milliseconds: Expecting text present: 'Describe behaviour in plain text'
Build info: version: '2.53.0', revision: '35ae25b1534ae328c771e0856c93e187490ca824', time: '2016-03-15 10:43:46'
System info: host: 'windows8', ip: '192.168.1.109', os.name: 'Windows 8.1', os.arch: 'amd64', os.version: '6.3', java.version: '1.8.0_91'
Driver info: driver.version: unknown
	at net.thucydides.core.scheduling.ThucydidesFluentWait.timeoutException(ThucydidesFluentWait.java:123)
	at net.thucydides.core.scheduling.ThucydidesFluentWait.until(ThucydidesFluentWait.java:75)
	at net.serenitybdd.core.pages.RenderedPageObjectView.waitForText(RenderedPageObjectView.java:235)
	at net.serenitybdd.core.pages.PageObject.waitForTextToAppear(PageObject.java:340)
	at vnu.hus.demo.browser.steps.serenity.BrowserSteps.assert_text_present(BrowserSteps.java:46)
	at vnu.hus.demo.browser.steps.serenity.BrowserSteps$$EnhancerByCGLIB$$aaea36f1.CGLIB$assert_text_present$18(<generated>)
	at vnu.hus.demo.browser.steps.serenity.BrowserSteps$$EnhancerByCGLIB$$aaea36f1$$FastClassByCGLIB$$84f1b627.invoke(<generated>)
	at net.sf.cglib.proxy.MethodProxy.invokeSuper(MethodProxy.java:228)
	at net.thucydides.core.steps.BaseMethodRunner.invokeMethod(BaseMethodRunner.java:10)
	at net.thucydides.core.steps.NormalMethodRunner.invokeMethodAndNotifyFailures(NormalMethodRunner.java:20)
	at net.thucydides.core.steps.StepInterceptor.runNormalMethod(StepInterceptor.java:269)
	at net.thucydides.core.steps.StepInterceptor.testStepResult(StepInterceptor.java:127)
	at net.thucydides.core.steps.StepInterceptor.intercept(StepInterceptor.java:61)
	at vnu.hus.demo.browser.steps.serenity.BrowserSteps$$EnhancerByCGLIB$$aaea36f1.assert_text_present(<generated>)
	at vnu.hus.demo.browser.steps.BrowserScenarioSteps.assert_that_the_text_is_present(BrowserScenarioSteps.java:50)
	at sun.reflect.NativeMethodAccessorImpl.invoke0(Native Method)
	at sun.reflect.NativeMethodAccessorImpl.invoke(NativeMethodAccessorImpl.java:62)
	at sun.reflect.DelegatingMethodAccessorImpl.invoke(DelegatingMethodAccessorImpl.java:43)
	at java.lang.reflect.Method.invoke(Method.java:498)
	at cucumber.runtime.Utils$1.call(Utils.java:37)
	at cucumber.runtime.Timeout.timeout(Timeout.java:13)
	at cucumber.runtime.Utils.invoke(Utils.java:31)
	at cucumber.runtime.java.JavaStepDefinition.execute(JavaStepDefinition.java:38)
	at cucumber.runtime.StepDefinitionMatch.runStep(StepDefinitionMatch.java:37)
	at cucumber.runtime.Runtime.runStep(Runtime.java:299)
	at cucumber.runtime.model.StepContainer.runStep(StepContainer.java:44)
	at cucumber.runtime.model.StepContainer.runSteps(StepContainer.java:39)
	at cucumber.runtime.model.CucumberScenario.run(CucumberScenario.java:44)
	at cucumber.runtime.junit.ExecutionUnitRunner.run(ExecutionUnitRunner.java:91)
	at cucumber.runtime.junit.FeatureRunner.runChild(FeatureRunner.java:63)
	at cucumber.runtime.junit.FeatureRunner.runChild(FeatureRunner.java:18)
	at org.junit.runners.ParentRunner$3.run(ParentRunner.java:290)
	at org.junit.runners.ParentRunner$1.schedule(ParentRunner.java:71)
	at org.junit.runners.ParentRunner.runChildren(ParentRunner.java:288)
	at org.junit.runners.ParentRunner.access$000(ParentRunner.java:58)
	at org.junit.runners.ParentRunner$2.evaluate(ParentRunner.java:268)
	at org.junit.runners.ParentRunner.run(ParentRunner.java:363)
	at cucumber.runtime.junit.FeatureRunner.run(FeatureRunner.java:70)
	at cucumber.api.junit.Cucumber.runChild(Cucumber.java:93)
	at cucumber.api.junit.Cucumber.runChild(Cucumber.java:37)
	at org.junit.runners.ParentRunner$3.run(ParentRunner.java:290)
	at org.junit.runners.ParentRunner$1.schedule(ParentRunner.java:71)
	at org.junit.runners.ParentRunner.runChildren(ParentRunner.java:288)
	at org.junit.runners.ParentRunner.access$000(ParentRunner.java:58)
	at org.junit.runners.ParentRunner$2.evaluate(ParentRunner.java:268)
	at org.junit.runners.ParentRunner.run(ParentRunner.java:363)
	at cucumber.api.junit.Cucumber.run(Cucumber.java:98)
	at org.apache.maven.surefire.junit4.JUnit4Provider.execute(JUnit4Provider.java:283)
	at org.apache.maven.surefire.junit4.JUnit4Provider.executeWithRerun(JUnit4Provider.java:173)
	at org.apache.maven.surefire.junit4.JUnit4Provider.executeTestSet(JUnit4Provider.java:153)
	at org.apache.maven.surefire.junit4.JUnit4Provider.invoke(JUnit4Provider.java:128)
	at org.apache.maven.surefire.booter.ForkedBooter.invokeProviderInSameClassLoader(ForkedBooter.java:203)
	at org.apache.maven.surefire.booter.ForkedBooter.runSuitesInProcess(ForkedBooter.java:155)
	at org.apache.maven.surefire.booter.ForkedBooter.main(ForkedBooter.java:103)
]]></error>
  </testcase>
  <testcase name="And assert that the &quot;Write a step definition in Java&quot; text is not present" classname="Scenario: Demo in English version" time="0">
    <skipped/>
  </testcase>
  <testcase name="And assert that the page title is &quot;Cucumber&quot;" classname="Scenario: Demo in English version" time="0">
    <skipped/>
  </testcase>
  <testcase name="And assert that the page title is not &quot;Serenity BDD&quot;" classname="Scenario: Demo in English version" time="0">
    <skipped/>
  </testcase>
  <testcase name="And assert that the page title has &quot;Cu&quot;" classname="Scenario: Demo in English version" time="0">
    <skipped/>
  </testcase>
  <testcase name="And assert that the page title does not have &quot;Cucun&quot;" classname="Scenario: Demo in English version" time="0">
    <skipped/>
  </testcase>
  <testcase name="And assert that the url is &quot;https://cucumber.io/&quot;" classname="Scenario: Demo in English version" time="0">
    <skipped/>
  </testcase>
  <testcase name="And assert that the url is not &quot;https://cucumber.com/&quot;" classname="Scenario: Demo in English version" time="0">
    <skipped/>
  </testcase>
  <testcase name="When window dimension is changed with size (300,500)" classname="Scenario: Demo in English version" time="0">
    <skipped/>
  </testcase>
  <testcase name="And scroll up or down in screen with value (0,1000)" classname="Scenario: Demo in English version" time="0">
    <skipped/>
  </testcase>
  <testcase name="And window is moved to location with coordinates (200,300)" classname="Scenario: Demo in English version" time="0">
    <skipped/>
  </testcase>
  <testcase name="And close current window" classname="Scenario: Demo in English version" time="0">
    <skipped/>
  </testcase>
  <testcase name="And close current window" classname="Scenario: Demo in English version" time="0">
    <skipped/>
  </testcase>
  <testcase name="And close current window" classname="Scenario: Demo in English version" time="0">
    <skipped/>
  </testcase>
  <testcase name="And switch back to the original window" classname="Scenario: Demo in English version" time="0">
    <skipped/>
  </testcase>
  <testcase name="And switch back to the original window" classname="Scenario: Demo in English version" time="0">
    <skipped/>
  </testcase>
  <testcase name="And switch back to the original window" classname="Scenario: Demo in English version" time="0">
    <skipped/>
  </testcase>
  <testcase name="And open &quot;link=TV&quot; link in new window and switch to it" classname="Scenario: Demo in English version" time="0">
    <skipped/>
  </testcase>
  <testcase name="And open &quot;css=img[alt=&apos;Additional Options&apos;]&quot; dialog and switch to it" classname="Scenario: Demo in English version" time="0">
    <skipped/>
  </testcase>
  <testcase name="And window is moved to location with coordinates (150,200)" classname="Scenario: Demo in English version" time="0">
    <skipped/>
  </testcase>
  <testcase name="And window dimension is changed with size (300,500)" classname="Scenario: Demo in English version" time="0">
    <skipped/>
  </testcase>
  <testcase name="And window is moved to location with coordinates (100,200)" classname="Scenario: Demo in English version" time="0">
    <skipped/>
  </testcase>
</testsuite>